  Building 'passThrough' with toolset 'WindowsKernelModeDriver10.0' and the 'Desktop' target platform.
  Stamping x64\Debug\passThrough.inf
  Stamping [Version] section with DriverVer=04/09/2021,17.4.50.243
E:\USER\desktop\hide\passThrough.inf : warning 1420: [DefaultInstall]-based INF cannot be processed as Primitive.
E:\USER\desktop\hide\passThrough.inf(8-8): warning 1324: [Version] section should specify PnpLockdown=1.
E:\USER\desktop\hide\passThrough.inf(25-25): warning 1421: Section [DefaultInstall] should have an architecture decoration.
E:\USER\desktop\hide\passThrough.inf(36-36): warning 1421: Section [DefaultUninstall] should have an architecture decoration.
E:\USER\desktop\hide\passThrough.inf(72-72): warning 1205: Section [MiniFilter.DriverFiles] referenced from DelFiles and CopyFiles directive.
  passThrough.c
  passThrough.vcxproj -> E:\USER\desktop\hide\x64\Debug\passThrough.sys
  Done Adding Additional Store
  Successfully signed: E:\USER\desktop\hide\x64\Debug\passThrough.sys
  
  .........................
  Signability test complete.
  
  Errors:
  None
  
  Warnings:
  None
  
  Catalog generation complete.
  E:\USER\desktop\hide\x64\Debug\passThrough\passthrough.cat
  Done Adding Additional Store
  Successfully signed: x64\Debug\passThrough\passthrough.cat
  
